#
# There is insufficient memory for the Java Runtime Environment to continue.
# Native memory allocation (mmap) failed to map 130023424 bytes for G1 virtual space
# Possible reasons:
#   The system is out of physical RAM or swap space
#   The process is running with CompressedOops enabled, and the Java Heap may be blocking the growth of the native heap
# Possible solutions:
#   Reduce memory load on the system
#   Increase physical memory or swap space
#   Check if swap backing store is full
#   Decrease Java heap size (-Xmx/-Xms)
#   Decrease number of Java threads
#   Decrease Java thread stack sizes (-Xss)
#   Set larger code cache with -XX:ReservedCodeCacheSize=
#   JVM is running with Unscaled Compressed Oops mode in which the Java heap is
#     placed in the first 4GB address space. The Java Heap base address is the
#     maximum limit for the native heap growth. Please use -XX:HeapBaseMinAddress
#     to set the Java Heap base and to place the Java Heap above 4GB virtual address.
# This output file may be truncated or incomplete.
#
#  Out of Memory Error (os_windows.cpp:3769), pid=13228, tid=14532
#
# JRE version:  (17.0.6) (build )
# Java VM: OpenJDK 64-Bit Server VM (17.0.6+0-b2043.56-10027231, mixed mode, sharing, tiered, compressed oops, compressed class ptrs, g1 gc, windows-amd64)
# No core dump will be written. Minidumps are not enabled by default on client versions of Windows
#

---------------  S U M M A R Y ------------

Command Line: 

Host: Intel(R) Core(TM) i5-4300M CPU @ 2.60GHz, 4 cores, 7G,  Windows 10 , 64 bit Build 19041 (10.0.19041.3393)
Time: Sun Sep 17 14:33:53 2023 E. Africa Standard Time elapsed time: 0.028820 seconds (0d 0h 0m 0s)

---------------  T H R E A D  ---------------

Current thread (0x0000026004dd8100):  JavaThread "Unknown thread" [_thread_in_vm, id=14532, stack(0x0000008b7ed00000,0x0000008b7ee00000)]

Stack: [0x0000008b7ed00000,0x0000008b7ee00000]
Native frames: (J=compiled Java code, j=interpreted, Vv=VM code, C=native code)
V  [jvm.dll+0x683c9a]
V  [jvm.dll+0x8427a4]
V  [jvm.dll+0x843f9e]
V  [jvm.dll+0x844603]
V  [jvm.dll+0x249b75]
V  [jvm.dll+0x680b69]
V  [jvm.dll+0x67505a]
V  [jvm.dll+0x309acb]
V  [jvm.dll+0x310f86]
V  [jvm.dll+0x3608ee]
V  [jvm.dll+0x360b1f]
V  [jvm.dll+0x2dfbf8]
V  [jvm.dll+0x2e0b64]
V  [jvm.dll+0x814091]
V  [jvm.dll+0x36e6a1]
V  [jvm.dll+0x7f35cc]
V  [jvm.dll+0x3f0e8f]
V  [jvm.dll+0x3f29d1]
C  [jli.dll+0x526b]
C  [ucrtbase.dll+0x21bb2]
C  [KERNEL32.DLL+0x17344]
C  [ntdll.dll+0x526b1]


---------------  P R O C E S S  ---------------

Threads class SMR info:
_java_thread_list=0x00007fff61d7c058, length=0, elements={
}

Java Threads: ( => current thread )

Other Threads:
  0x0000026004e33b60 GCTaskThread "GC Thread#0" [stack: 0x0000008b7ee00000,0x0000008b7ef00000] [id=2204]
  0x0000026004e440e0 ConcurrentGCThread "G1 Main Marker" [stack: 0x0000008b7ef00000,0x0000008b7f000000] [id=10376]
  0x0000026004e44af0 ConcurrentGCThread "G1 Conc#0" [stack: 0x0000008b7f000000,0x0000008b7f100000] [id=11884]

[error occurred during error reporting (printing all threads), id 0xc0000005, EXCEPTION_ACCESS_VIOLATION (0xc0000005) at pc=0x00007fff61530797]

VM state: not at safepoint (not fully initialized)

VM Mutex/Monitor currently owned by a thread:  ([mutex/lock_event])
[0x0000026004dd4b20] Heap_lock - owner thread: 0x0000026004dd8100

Heap address: 0x0000000084e00000, size: 1970 MB, Compressed Oops mode: 32-bit

CDS archive(s) mapped at: [0x0000000000000000-0x0000000000000000-0x0000000000000000), size 0, SharedBaseAddress: 0x0000000800000000, ArchiveRelocationMode: 0.
Narrow klass base: 0x0000000000000000, Narrow klass shift: 0, Narrow klass range: 0x0

GC Precious Log:
<Empty>

Heap:
 garbage-first heap   total 0K, used 0K [0x0000000084e00000, 0x0000000100000000)
  region size 1024K, 0 young (0K), 0 survivors (0K)

[error occurred during error reporting (printing heap information), id 0xc0000005, EXCEPTION_ACCESS_VIOLATION (0xc0000005) at pc=0x00007fff6191da89]

GC Heap History (0 events):
No events

Dll operation events (1 events):
Event: 0.014 Loaded shared library C:\Program Files\Android\Android Studio\jbr\bin\java.dll

Deoptimization events (0 events):
No events

Classes unloaded (0 events):
No events

Classes redefined (0 events):
No events

Internal exceptions (0 events):
No events

VM Operations (0 events):
No events

Events (0 events):
No events


Dynamic libraries:
0x00007ff654fc0000 - 0x00007ff654fca000 	C:\Program Files\Android\Android Studio\jbr\bin\java.EXE
0x00007fff9ced0000 - 0x00007fff9d0c8000 	C:\WINDOWS\SYSTEM32\ntdll.dll
0x00007fff9cdd0000 - 0x00007fff9ce8d000 	C:\WINDOWS\System32\KERNEL32.DLL
0x00007fff9a970000 - 0x00007fff9ac66000 	C:\WINDOWS\System32\KERNELBASE.dll
0x00007fff9a5b0000 - 0x00007fff9a6b0000 	C:\WINDOWS\System32\ucrtbase.dll
0x00007fff90b20000 - 0x00007fff90b37000 	C:\Program Files\Android\Android Studio\jbr\bin\jli.dll
0x00007fff9bc60000 - 0x00007fff9bdfe000 	C:\WINDOWS\System32\USER32.dll
0x00007fff9a720000 - 0x00007fff9a742000 	C:\WINDOWS\System32\win32u.dll
0x00007fff9c680000 - 0x00007fff9c6ac000 	C:\WINDOWS\System32\GDI32.dll
0x00007fff9ac70000 - 0x00007fff9ad8a000 	C:\WINDOWS\System32\gdi32full.dll
0x00007fff9ad90000 - 0x00007fff9ae2d000 	C:\WINDOWS\System32\msvcp_win.dll
0x00007fff5d810000 - 0x00007fff5d82b000 	C:\Program Files\Android\Android Studio\jbr\bin\VCRUNTIME140.dll
0x00007fff86e60000 - 0x00007fff870fa000 	C:\WINDOWS\WinSxS\amd64_microsoft.windows.common-controls_6595b64144ccf1df_6.0.19041.1110_none_60b5254171f9507e\COMCTL32.dll
0x00007fff9c5e0000 - 0x00007fff9c67e000 	C:\WINDOWS\System32\msvcrt.dll
0x00007fff9b050000 - 0x00007fff9b080000 	C:\WINDOWS\System32\IMM32.DLL
0x00007fff5f0f0000 - 0x00007fff5f0fc000 	C:\Program Files\Android\Android Studio\jbr\bin\vcruntime140_1.dll
0x00007fff5d780000 - 0x00007fff5d80d000 	C:\Program Files\Android\Android Studio\jbr\bin\msvcp140.dll
0x00007fff61240000 - 0x00007fff61eae000 	C:\Program Files\Android\Android Studio\jbr\bin\server\jvm.dll
0x00007fff9caf0000 - 0x00007fff9cb9e000 	C:\WINDOWS\System32\ADVAPI32.dll
0x00007fff9bf50000 - 0x00007fff9bfec000 	C:\WINDOWS\System32\sechost.dll
0x00007fff9b3e0000 - 0x00007fff9b506000 	C:\WINDOWS\System32\RPCRT4.dll
0x00007fff7c1d0000 - 0x00007fff7c1d9000 	C:\WINDOWS\SYSTEM32\WSOCK32.dll
0x00007fff9cd60000 - 0x00007fff9cdcb000 	C:\WINDOWS\System32\WS2_32.dll
0x00007fff8bfd0000 - 0x00007fff8bff7000 	C:\WINDOWS\SYSTEM32\WINMM.dll
0x00007fff8c050000 - 0x00007fff8c05a000 	C:\WINDOWS\SYSTEM32\VERSION.dll
0x00007fff98330000 - 0x00007fff98342000 	C:\WINDOWS\SYSTEM32\kernel.appcore.dll
0x00007fff7bf50000 - 0x00007fff7bf5a000 	C:\Program Files\Android\Android Studio\jbr\bin\jimage.dll
0x00007fff82180000 - 0x00007fff82364000 	C:\WINDOWS\SYSTEM32\DBGHELP.DLL
0x00007fff82140000 - 0x00007fff82174000 	C:\WINDOWS\SYSTEM32\dbgcore.DLL
0x00007fff9a750000 - 0x00007fff9a7d2000 	C:\WINDOWS\System32\bcryptPrimitives.dll
0x00007fff945e0000 - 0x00007fff94605000 	C:\Program Files\Android\Android Studio\jbr\bin\java.dll

dbghelp: loaded successfully - version: 4.0.5 - missing functions: none
symbol engine: initialized successfully - sym options: 0x614 - pdb path: .;C:\Program Files\Android\Android Studio\jbr\bin;C:\WINDOWS\SYSTEM32;C:\WINDOWS\WinSxS\amd64_microsoft.windows.common-controls_6595b64144ccf1df_6.0.19041.1110_none_60b5254171f9507e;C:\Program Files\Android\Android Studio\jbr\bin\server

VM Arguments:
java_command: <unknown>
java_class_path (initial): <not set>
Launcher Type: SUN_STANDARD

[Global flags]
     intx CICompilerCount                          = 3                                         {product} {ergonomic}
     uint ConcGCThreads                            = 1                                         {product} {ergonomic}
     uint G1ConcRefinementThreads                  = 4                                         {product} {ergonomic}
   size_t G1HeapRegionSize                         = 1048576                                   {product} {ergonomic}
    uintx GCDrainStackTargetSize                   = 64                                        {product} {ergonomic}
   size_t InitialHeapSize                          = 130023424                                 {product} {ergonomic}
   size_t MarkStackSize                            = 4194304                                   {product} {ergonomic}
   size_t MaxHeapSize                              = 2065694720                                {product} {ergonomic}
   size_t MinHeapDeltaBytes                        = 1048576                                   {product} {ergonomic}
   size_t MinHeapSize                              = 8388608                                   {product} {ergonomic}
    uintx NonNMethodCodeHeapSize                   = 5832780                                {pd product} {ergonomic}
    uintx NonProfiledCodeHeapSize                  = 122912730                              {pd product} {ergonomic}
    uintx ProfiledCodeHeapSize                     = 122912730                              {pd product} {ergonomic}
    uintx ReservedCodeCacheSize                    = 251658240                              {pd product} {ergonomic}
     bool SegmentedCodeCache                       = true                                      {product} {ergonomic}
   size_t SoftMaxHeapSize                          = 2065694720                             {manageable} {ergonomic}
     bool UseCompressedClassPointers               = true                           {product lp64_product} {ergonomic}
     bool UseCompressedOops                        = true                           {product lp64_product} {ergonomic}
     bool UseG1GC                                  = true                                      {product} {ergonomic}
     bool UseLargePagesIndividualAllocation        = false                                  {pd product} {ergonomic}

Logging:
Log output configuration:
 #0: stdout all=warning uptime,level,tags
 #1: stderr all=off uptime,level,tags

Environment Variables:
PATH=C:\src\flutter\bin\;C:\Program Files\Microsoft\jdk-11.0.16.101-hotspot\bin;C:\Program Files (x86)\Common Files\Oracle\Java\javapath;C:\Program Files\Common Files\Oracle\Java\javapath;C:\WINDOWS\system32;C:\WINDOWS;C:\WINDOWS\System32\Wbem;C:\WINDOWS\System32\WindowsPowerShell\v1.0\;C:\WINDOWS\System32\OpenSSH\;C:\Program Files\Git\cmd;C:\Program Files\Git\bin;C:\src\flutter\bin;C:\Program Files\nodejs\;C:\Program Files\Microsoft SQL Server\150\Tools\Binn\;C:\Program Files\Microsoft SQL Server\Client SDK\ODBC\170\Tools\Binn\;C:\Program Files\dotnet\;C:\Users\thimkpad\AppData\Local\Microsoft\WindowsApps;;C:\Users\thimkpad\AppData\Local\Programs\Microsoft VS Code\bin;C:\Users\thimkpad\AppData\Roaming\npm;C:\Users\thimkpad\.dotnet\tools;C:\src\flutter\bin\mingit\cmd
USERNAME=thimkpad
LANG=en_US.UTF-8
OS=Windows_NT
PROCESSOR_IDENTIFIER=Intel64 Family 6 Model 60 Stepping 3, GenuineIntel
TMP=C:\TEMP
TEMP=C:\TEMP


JNI global refs:

[error occurred during error reporting (JNI global references), id 0xc0000005, EXCEPTION_ACCESS_VIOLATION (0xc0000005) at pc=0x00007fff612f7a10]


---------------  S Y S T E M  ---------------

OS:
 Windows 10 , 64 bit Build 19041 (10.0.19041.3393)
OS uptime: 1 days 22:22 hours

CPU: total 4 (initial active 4) (2 cores per cpu, 2 threads per core) family 6 model 60 stepping 3 microcode 0x27, cx8, cmov, fxsr, ht, mmx, sse, sse2, sse3, ssse3, sse4.1, sse4.2, popcnt, lzcnt, tsc, tscinvbit, avx, avx2, aes, erms, clmul, bmi1, bmi2, fma, vzeroupper, clflush

Memory: 4k page, system-wide physical 7879M (1003M free)
TotalPageFile size 7879M (AvailPageFile size 11M)
current process WorkingSet (physical memory assigned to process): 10M, peak: 10M
current process commit charge ("private bytes"): 51M, peak: 175M

vm_info: OpenJDK 64-Bit Server VM (17.0.6+0-b2043.56-10027231) for windows-amd64 JRE (17.0.6+0-b2043.56-10027231), built on Apr 28 2023 00:43:19 by "androidbuild" with MS VC++ 16.10 / 16.11 (VS2019)

END.
